Start auto log messages stack - Iteration 1.	[MsgId: MMSG-10545]
Starting action Action.	[MsgId: MMSG-15919]
Action.c(9): Notify: Transaction "VTS2_0010_RetrieveInputData" started.	[MsgId: MMSG-16999]
pvci=0
	[MsgId: MMSG-17999]
Action.c(20): Error: Failed to end Transaction "VTS1_0010_RetrieveInputData" (by name). Please check that you made a call to start transaction operation.	[MsgId: MERR-16985]
End auto log messages stack.	[MsgId: MMSG-10544]


Start auto log messages stack - Iteration 2.	[MsgId: MMSG-10545]
Starting action Action.	[MsgId: MMSG-15919]
Action.c(9): Error: Cannot start transaction "VTS2_0010_RetrieveInputData". This Vuser already started a transaction with the same name, and has not yet processed the corresponding lr_end_transaction statement.	[MsgId: MERR-16993]
End auto log messages stack.	[MsgId: MMSG-10544]


Start auto log messages stack - Iteration 2.	[MsgId: MMSG-10545]
pvci=0
	[MsgId: MMSG-17999]
Action.c(20): Error: Failed to end Transaction "VTS1_0010_RetrieveInputData" (by name). Please check that you made a call to start transaction operation.	[MsgId: MERR-16985]
End auto log messages stack.	[MsgId: MMSG-10544]


Start auto log messages stack - Iteration 3.	[MsgId: MMSG-10545]
Starting action Action.	[MsgId: MMSG-15919]
Action.c(9): Error: Cannot start transaction "VTS2_0010_RetrieveInputData". This Vuser already started a transaction with the same name, and has not yet processed the corresponding lr_end_transaction statement.	[MsgId: MERR-16993]
End auto log messages stack.	[MsgId: MMSG-10544]


Start auto log messages stack - Iteration 3.	[MsgId: MMSG-10545]
pvci=0
	[MsgId: MMSG-17999]
Action.c(20): Error: Failed to end Transaction "VTS1_0010_RetrieveInputData" (by name). Please check that you made a call to start transaction operation.	[MsgId: MERR-16985]
End auto log messages stack.	[MsgId: MMSG-10544]


Start auto log messages stack - Iteration 4.	[MsgId: MMSG-10545]
Starting action Action.	[MsgId: MMSG-15919]
Action.c(9): Error: Cannot start transaction "VTS2_0010_RetrieveInputData". This Vuser already started a transaction with the same name, and has not yet processed the corresponding lr_end_transaction statement.	[MsgId: MERR-16993]
End auto log messages stack.	[MsgId: MMSG-10544]


Start auto log messages stack - Iteration 4.	[MsgId: MMSG-10545]
pvci=0
	[MsgId: MMSG-17999]
Action.c(20): Error: Failed to end Transaction "VTS1_0010_RetrieveInputData" (by name). Please check that you made a call to start transaction operation.	[MsgId: MERR-16985]
End auto log messages stack.	[MsgId: MMSG-10544]


Start auto log messages stack - Iteration 5.	[MsgId: MMSG-10545]
Starting action Action.	[MsgId: MMSG-15919]
Action.c(9): Error: Cannot start transaction "VTS2_0010_RetrieveInputData". This Vuser already started a transaction with the same name, and has not yet processed the corresponding lr_end_transaction statement.	[MsgId: MERR-16993]
End auto log messages stack.	[MsgId: MMSG-10544]


Start auto log messages stack - Iteration 5.	[MsgId: MMSG-10545]
pvci=0
	[MsgId: MMSG-17999]
Action.c(20): Error: Failed to end Transaction "VTS1_0010_RetrieveInputData" (by name). Please check that you made a call to start transaction operation.	[MsgId: MERR-16985]
End auto log messages stack.	[MsgId: MMSG-10544]


Start auto log messages stack - Iteration 6.	[MsgId: MMSG-10545]
Starting action Action.	[MsgId: MMSG-15919]
Action.c(9): Error: Cannot start transaction "VTS2_0010_RetrieveInputData". This Vuser already started a transaction with the same name, and has not yet processed the corresponding lr_end_transaction statement.	[MsgId: MERR-16993]
End auto log messages stack.	[MsgId: MMSG-10544]


Start auto log messages stack - Iteration 6.	[MsgId: MMSG-10545]
pvci=0
	[MsgId: MMSG-17999]
Action.c(20): Error: Failed to end Transaction "VTS1_0010_RetrieveInputData" (by name). Please check that you made a call to start transaction operation.	[MsgId: MERR-16985]
End auto log messages stack.	[MsgId: MMSG-10544]


Start auto log messages stack - Iteration 7.	[MsgId: MMSG-10545]
Starting action Action.	[MsgId: MMSG-15919]
Action.c(9): Error: Cannot start transaction "VTS2_0010_RetrieveInputData". This Vuser already started a transaction with the same name, and has not yet processed the corresponding lr_end_transaction statement.	[MsgId: MERR-16993]
End auto log messages stack.	[MsgId: MMSG-10544]


Start auto log messages stack - Iteration 7.	[MsgId: MMSG-10545]
pvci=0
	[MsgId: MMSG-17999]
Action.c(20): Error: Failed to end Transaction "VTS1_0010_RetrieveInputData" (by name). Please check that you made a call to start transaction operation.	[MsgId: MERR-16985]
End auto log messages stack.	[MsgId: MMSG-10544]


Start auto log messages stack - Iteration 8.	[MsgId: MMSG-10545]
Starting action Action.	[MsgId: MMSG-15919]
Action.c(9): Error: Cannot start transaction "VTS2_0010_RetrieveInputData". This Vuser already started a transaction with the same name, and has not yet processed the corresponding lr_end_transaction statement.	[MsgId: MERR-16993]
End auto log messages stack.	[MsgId: MMSG-10544]


Start auto log messages stack - Iteration 8.	[MsgId: MMSG-10545]
pvci=0
	[MsgId: MMSG-17999]
Action.c(20): Error: Failed to end Transaction "VTS1_0010_RetrieveInputData" (by name). Please check that you made a call to start transaction operation.	[MsgId: MERR-16985]
End auto log messages stack.	[MsgId: MMSG-10544]


Start auto log messages stack - Iteration 9.	[MsgId: MMSG-10545]
Starting action Action.	[MsgId: MMSG-15919]
Action.c(9): Error: Cannot start transaction "VTS2_0010_RetrieveInputData". This Vuser already started a transaction with the same name, and has not yet processed the corresponding lr_end_transaction statement.	[MsgId: MERR-16993]
End auto log messages stack.	[MsgId: MMSG-10544]


Start auto log messages stack - Iteration 9.	[MsgId: MMSG-10545]
pvci=0
	[MsgId: MMSG-17999]
Action.c(20): Error: Failed to end Transaction "VTS1_0010_RetrieveInputData" (by name). Please check that you made a call to start transaction operation.	[MsgId: MERR-16985]
End auto log messages stack.	[MsgId: MMSG-10544]


Start auto log messages stack - Iteration 10.	[MsgId: MMSG-10545]
Starting action Action.	[MsgId: MMSG-15919]
Action.c(9): Error: Cannot start transaction "VTS2_0010_RetrieveInputData". This Vuser already started a transaction with the same name, and has not yet processed the corresponding lr_end_transaction statement.	[MsgId: MERR-16993]
End auto log messages stack.	[MsgId: MMSG-10544]


Start auto log messages stack - Iteration 10.	[MsgId: MMSG-10545]
pvci=0
	[MsgId: MMSG-17999]
Action.c(20): Error: Failed to end Transaction "VTS1_0010_RetrieveInputData" (by name). Please check that you made a call to start transaction operation.	[MsgId: MERR-16985]
End auto log messages stack.	[MsgId: MMSG-10544]


Start auto log messages stack - Iteration 11.	[MsgId: MMSG-10545]
Starting action Action.	[MsgId: MMSG-15919]
Action.c(9): Error: Cannot start transaction "VTS2_0010_RetrieveInputData". This Vuser already started a transaction with the same name, and has not yet processed the corresponding lr_end_transaction statement.	[MsgId: MERR-16993]
End auto log messages stack.	[MsgId: MMSG-10544]


Start auto log messages stack - Iteration 11.	[MsgId: MMSG-10545]
pvci=0
	[MsgId: MMSG-17999]
Action.c(20): Error: Failed to end Transaction "VTS1_0010_RetrieveInputData" (by name). Please check that you made a call to start transaction operation.	[MsgId: MERR-16985]
End auto log messages stack.	[MsgId: MMSG-10544]


Start auto log messages stack - Iteration 12.	[MsgId: MMSG-10545]
Starting action Action.	[MsgId: MMSG-15919]
Action.c(9): Error: Cannot start transaction "VTS2_0010_RetrieveInputData". This Vuser already started a transaction with the same name, and has not yet processed the corresponding lr_end_transaction statement.	[MsgId: MERR-16993]
End auto log messages stack.	[MsgId: MMSG-10544]


Start auto log messages stack - Iteration 12.	[MsgId: MMSG-10545]
pvci=0
	[MsgId: MMSG-17999]
Action.c(20): Error: Failed to end Transaction "VTS1_0010_RetrieveInputData" (by name). Please check that you made a call to start transaction operation.	[MsgId: MERR-16985]
End auto log messages stack.	[MsgId: MMSG-10544]


Start auto log messages stack - Iteration 13.	[MsgId: MMSG-10545]
Starting action Action.	[MsgId: MMSG-15919]
Action.c(9): Error: Cannot start transaction "VTS2_0010_RetrieveInputData". This Vuser already started a transaction with the same name, and has not yet processed the corresponding lr_end_transaction statement.	[MsgId: MERR-16993]
End auto log messages stack.	[MsgId: MMSG-10544]


Start auto log messages stack - Iteration 13.	[MsgId: MMSG-10545]
pvci=0
	[MsgId: MMSG-17999]
Action.c(20): Error: Failed to end Transaction "VTS1_0010_RetrieveInputData" (by name). Please check that you made a call to start transaction operation.	[MsgId: MERR-16985]
End auto log messages stack.	[MsgId: MMSG-10544]


Start auto log messages stack - Iteration 14.	[MsgId: MMSG-10545]
Starting action Action.	[MsgId: MMSG-15919]
Action.c(9): Error: Cannot start transaction "VTS2_0010_RetrieveInputData". This Vuser already started a transaction with the same name, and has not yet processed the corresponding lr_end_transaction statement.	[MsgId: MERR-16993]
End auto log messages stack.	[MsgId: MMSG-10544]


Start auto log messages stack - Iteration 14.	[MsgId: MMSG-10545]
pvci=0
	[MsgId: MMSG-17999]
Action.c(20): Error: Failed to end Transaction "VTS1_0010_RetrieveInputData" (by name). Please check that you made a call to start transaction operation.	[MsgId: MERR-16985]
End auto log messages stack.	[MsgId: MMSG-10544]


Start auto log messages stack - Iteration 15.	[MsgId: MMSG-10545]
Starting action Action.	[MsgId: MMSG-15919]
Action.c(9): Error: Cannot start transaction "VTS2_0010_RetrieveInputData". This Vuser already started a transaction with the same name, and has not yet processed the corresponding lr_end_transaction statement.	[MsgId: MERR-16993]
End auto log messages stack.	[MsgId: MMSG-10544]


Start auto log messages stack - Iteration 15.	[MsgId: MMSG-10545]
pvci=0
	[MsgId: MMSG-17999]
Action.c(20): Error: Failed to end Transaction "VTS1_0010_RetrieveInputData" (by name). Please check that you made a call to start transaction operation.	[MsgId: MERR-16985]
End auto log messages stack.	[MsgId: MMSG-10544]


Start auto log messages stack - Iteration 16.	[MsgId: MMSG-10545]
Starting action Action.	[MsgId: MMSG-15919]
Action.c(9): Error: Cannot start transaction "VTS2_0010_RetrieveInputData". This Vuser already started a transaction with the same name, and has not yet processed the corresponding lr_end_transaction statement.	[MsgId: MERR-16993]
End auto log messages stack.	[MsgId: MMSG-10544]


Start auto log messages stack - Iteration 16.	[MsgId: MMSG-10545]
pvci=0
	[MsgId: MMSG-17999]
Action.c(20): Error: Failed to end Transaction "VTS1_0010_RetrieveInputData" (by name). Please check that you made a call to start transaction operation.	[MsgId: MERR-16985]
End auto log messages stack.	[MsgId: MMSG-10544]


Start auto log messages stack - Iteration 17.	[MsgId: MMSG-10545]
Starting action Action.	[MsgId: MMSG-15919]
Action.c(9): Error: Cannot start transaction "VTS2_0010_RetrieveInputData". This Vuser already started a transaction with the same name, and has not yet processed the corresponding lr_end_transaction statement.	[MsgId: MERR-16993]
End auto log messages stack.	[MsgId: MMSG-10544]


Start auto log messages stack - Iteration 17.	[MsgId: MMSG-10545]
pvci=0
	[MsgId: MMSG-17999]
Action.c(20): Error: Failed to end Transaction "VTS1_0010_RetrieveInputData" (by name). Please check that you made a call to start transaction operation.	[MsgId: MERR-16985]
End auto log messages stack.	[MsgId: MMSG-10544]


Start auto log messages stack - Iteration 18.	[MsgId: MMSG-10545]
Starting action Action.	[MsgId: MMSG-15919]
Action.c(9): Error: Cannot start transaction "VTS2_0010_RetrieveInputData". This Vuser already started a transaction with the same name, and has not yet processed the corresponding lr_end_transaction statement.	[MsgId: MERR-16993]
End auto log messages stack.	[MsgId: MMSG-10544]


Start auto log messages stack - Iteration 18.	[MsgId: MMSG-10545]
pvci=0
	[MsgId: MMSG-17999]
Action.c(20): Error: Failed to end Transaction "VTS1_0010_RetrieveInputData" (by name). Please check that you made a call to start transaction operation.	[MsgId: MERR-16985]
End auto log messages stack.	[MsgId: MMSG-10544]


Start auto log messages stack - Iteration 19.	[MsgId: MMSG-10545]
Starting action Action.	[MsgId: MMSG-15919]
Action.c(9): Error: Cannot start transaction "VTS2_0010_RetrieveInputData". This Vuser already started a transaction with the same name, and has not yet processed the corresponding lr_end_transaction statement.	[MsgId: MERR-16993]
End auto log messages stack.	[MsgId: MMSG-10544]


Start auto log messages stack - Iteration 19.	[MsgId: MMSG-10545]
pvci=0
	[MsgId: MMSG-17999]
Action.c(20): Error: Failed to end Transaction "VTS1_0010_RetrieveInputData" (by name). Please check that you made a call to start transaction operation.	[MsgId: MERR-16985]
End auto log messages stack.	[MsgId: MMSG-10544]


Start auto log messages stack - Iteration 20.	[MsgId: MMSG-10545]
Starting action Action.	[MsgId: MMSG-15919]
Action.c(9): Error: Cannot start transaction "VTS2_0010_RetrieveInputData". This Vuser already started a transaction with the same name, and has not yet processed the corresponding lr_end_transaction statement.	[MsgId: MERR-16993]
End auto log messages stack.	[MsgId: MMSG-10544]


Start auto log messages stack - Iteration 20.	[MsgId: MMSG-10545]
pvci=0
	[MsgId: MMSG-17999]
Action.c(20): Error: Failed to end Transaction "VTS1_0010_RetrieveInputData" (by name). Please check that you made a call to start transaction operation.	[MsgId: MERR-16985]
End auto log messages stack.	[MsgId: MMSG-10544]


Start auto log messages stack - Iteration 21.	[MsgId: MMSG-10545]
Starting action Action.	[MsgId: MMSG-15919]
Action.c(9): Error: Cannot start transaction "VTS2_0010_RetrieveInputData". This Vuser already started a transaction with the same name, and has not yet processed the corresponding lr_end_transaction statement.	[MsgId: MERR-16993]
End auto log messages stack.	[MsgId: MMSG-10544]


Start auto log messages stack - Iteration 21.	[MsgId: MMSG-10545]
pvci=0
	[MsgId: MMSG-17999]
Action.c(20): Error: Failed to end Transaction "VTS1_0010_RetrieveInputData" (by name). Please check that you made a call to start transaction operation.	[MsgId: MERR-16985]
End auto log messages stack.	[MsgId: MMSG-10544]


Start auto log messages stack - Iteration 22.	[MsgId: MMSG-10545]
Starting action Action.	[MsgId: MMSG-15919]
Action.c(9): Error: Cannot start transaction "VTS2_0010_RetrieveInputData". This Vuser already started a transaction with the same name, and has not yet processed the corresponding lr_end_transaction statement.	[MsgId: MERR-16993]
End auto log messages stack.	[MsgId: MMSG-10544]


Start auto log messages stack - Iteration 22.	[MsgId: MMSG-10545]
pvci=0
	[MsgId: MMSG-17999]
Action.c(20): Error: Failed to end Transaction "VTS1_0010_RetrieveInputData" (by name). Please check that you made a call to start transaction operation.	[MsgId: MERR-16985]
End auto log messages stack.	[MsgId: MMSG-10544]


Start auto log messages stack - Iteration 23.	[MsgId: MMSG-10545]
Starting action Action.	[MsgId: MMSG-15919]
Action.c(9): Error: Cannot start transaction "VTS2_0010_RetrieveInputData". This Vuser already started a transaction with the same name, and has not yet processed the corresponding lr_end_transaction statement.	[MsgId: MERR-16993]
End auto log messages stack.	[MsgId: MMSG-10544]


Start auto log messages stack - Iteration 23.	[MsgId: MMSG-10545]
pvci=0
	[MsgId: MMSG-17999]
Action.c(20): Error: Failed to end Transaction "VTS1_0010_RetrieveInputData" (by name). Please check that you made a call to start transaction operation.	[MsgId: MERR-16985]
End auto log messages stack.	[MsgId: MMSG-10544]


Start auto log messages stack - Iteration 24.	[MsgId: MMSG-10545]
Starting action Action.	[MsgId: MMSG-15919]
Action.c(9): Error: Cannot start transaction "VTS2_0010_RetrieveInputData". This Vuser already started a transaction with the same name, and has not yet processed the corresponding lr_end_transaction statement.	[MsgId: MERR-16993]
End auto log messages stack.	[MsgId: MMSG-10544]


Start auto log messages stack - Iteration 24.	[MsgId: MMSG-10545]
pvci=0
	[MsgId: MMSG-17999]
Action.c(20): Error: Failed to end Transaction "VTS1_0010_RetrieveInputData" (by name). Please check that you made a call to start transaction operation.	[MsgId: MERR-16985]
End auto log messages stack.	[MsgId: MMSG-10544]


Start auto log messages stack - Iteration 25.	[MsgId: MMSG-10545]
Starting action Action.	[MsgId: MMSG-15919]
Action.c(9): Error: Cannot start transaction "VTS2_0010_RetrieveInputData". This Vuser already started a transaction with the same name, and has not yet processed the corresponding lr_end_transaction statement.	[MsgId: MERR-16993]
End auto log messages stack.	[MsgId: MMSG-10544]


Start auto log messages stack - Iteration 25.	[MsgId: MMSG-10545]
pvci=0
	[MsgId: MMSG-17999]
Action.c(20): Error: Failed to end Transaction "VTS1_0010_RetrieveInputData" (by name). Please check that you made a call to start transaction operation.	[MsgId: MERR-16985]
End auto log messages stack.	[MsgId: MMSG-10544]


Start auto log messages stack - Iteration 26.	[MsgId: MMSG-10545]
Starting action Action.	[MsgId: MMSG-15919]
Action.c(9): Error: Cannot start transaction "VTS2_0010_RetrieveInputData". This Vuser already started a transaction with the same name, and has not yet processed the corresponding lr_end_transaction statement.	[MsgId: MERR-16993]
End auto log messages stack.	[MsgId: MMSG-10544]


Start auto log messages stack - Iteration 26.	[MsgId: MMSG-10545]
pvci=0
	[MsgId: MMSG-17999]
Action.c(20): Error: Failed to end Transaction "VTS1_0010_RetrieveInputData" (by name). Please check that you made a call to start transaction operation.	[MsgId: MERR-16985]
End auto log messages stack.	[MsgId: MMSG-10544]


Start auto log messages stack - Iteration 27.	[MsgId: MMSG-10545]
Starting action Action.	[MsgId: MMSG-15919]
Action.c(9): Error: Cannot start transaction "VTS2_0010_RetrieveInputData". This Vuser already started a transaction with the same name, and has not yet processed the corresponding lr_end_transaction statement.	[MsgId: MERR-16993]
End auto log messages stack.	[MsgId: MMSG-10544]


Start auto log messages stack - Iteration 27.	[MsgId: MMSG-10545]
pvci=0
	[MsgId: MMSG-17999]
Action.c(20): Error: Failed to end Transaction "VTS1_0010_RetrieveInputData" (by name). Please check that you made a call to start transaction operation.	[MsgId: MERR-16985]
End auto log messages stack.	[MsgId: MMSG-10544]


Start auto log messages stack - Iteration 28.	[MsgId: MMSG-10545]
Starting action Action.	[MsgId: MMSG-15919]
Action.c(9): Error: Cannot start transaction "VTS2_0010_RetrieveInputData". This Vuser already started a transaction with the same name, and has not yet processed the corresponding lr_end_transaction statement.	[MsgId: MERR-16993]
End auto log messages stack.	[MsgId: MMSG-10544]


Start auto log messages stack - Iteration 28.	[MsgId: MMSG-10545]
pvci=0
	[MsgId: MMSG-17999]
Action.c(20): Error: Failed to end Transaction "VTS1_0010_RetrieveInputData" (by name). Please check that you made a call to start transaction operation.	[MsgId: MERR-16985]
End auto log messages stack.	[MsgId: MMSG-10544]


Start auto log messages stack - Iteration 29.	[MsgId: MMSG-10545]
Starting action Action.	[MsgId: MMSG-15919]
Action.c(9): Error: Cannot start transaction "VTS2_0010_RetrieveInputData". This Vuser already started a transaction with the same name, and has not yet processed the corresponding lr_end_transaction statement.	[MsgId: MERR-16993]
End auto log messages stack.	[MsgId: MMSG-10544]


Start auto log messages stack - Iteration 29.	[MsgId: MMSG-10545]
pvci=0
	[MsgId: MMSG-17999]
Action.c(20): Error: Failed to end Transaction "VTS1_0010_RetrieveInputData" (by name). Please check that you made a call to start transaction operation.	[MsgId: MERR-16985]
End auto log messages stack.	[MsgId: MMSG-10544]


Start auto log messages stack - Iteration 30.	[MsgId: MMSG-10545]
Starting action Action.	[MsgId: MMSG-15919]
Action.c(9): Error: Cannot start transaction "VTS2_0010_RetrieveInputData". This Vuser already started a transaction with the same name, and has not yet processed the corresponding lr_end_transaction statement.	[MsgId: MERR-16993]
End auto log messages stack.	[MsgId: MMSG-10544]


Start auto log messages stack - Iteration 30.	[MsgId: MMSG-10545]
pvci=0
	[MsgId: MMSG-17999]
Action.c(20): Error: Failed to end Transaction "VTS1_0010_RetrieveInputData" (by name). Please check that you made a call to start transaction operation.	[MsgId: MERR-16985]
End auto log messages stack.	[MsgId: MMSG-10544]


Start auto log messages stack - Iteration 31.	[MsgId: MMSG-10545]
Starting action Action.	[MsgId: MMSG-15919]
Action.c(9): Error: Cannot start transaction "VTS2_0010_RetrieveInputData". This Vuser already started a transaction with the same name, and has not yet processed the corresponding lr_end_transaction statement.	[MsgId: MERR-16993]
End auto log messages stack.	[MsgId: MMSG-10544]


Start auto log messages stack - Iteration 31.	[MsgId: MMSG-10545]
pvci=0
	[MsgId: MMSG-17999]
Action.c(20): Error: Failed to end Transaction "VTS1_0010_RetrieveInputData" (by name). Please check that you made a call to start transaction operation.	[MsgId: MERR-16985]
End auto log messages stack.	[MsgId: MMSG-10544]


Start auto log messages stack - Iteration 32.	[MsgId: MMSG-10545]
Starting action Action.	[MsgId: MMSG-15919]
Action.c(9): Error: Cannot start transaction "VTS2_0010_RetrieveInputData". This Vuser already started a transaction with the same name, and has not yet processed the corresponding lr_end_transaction statement.	[MsgId: MERR-16993]
End auto log messages stack.	[MsgId: MMSG-10544]


Start auto log messages stack - Iteration 32.	[MsgId: MMSG-10545]
pvci=0
	[MsgId: MMSG-17999]
Action.c(20): Error: Failed to end Transaction "VTS1_0010_RetrieveInputData" (by name). Please check that you made a call to start transaction operation.	[MsgId: MERR-16985]
End auto log messages stack.	[MsgId: MMSG-10544]


Start auto log messages stack - Iteration 33.	[MsgId: MMSG-10545]
Starting action Action.	[MsgId: MMSG-15919]
Action.c(9): Error: Cannot start transaction "VTS2_0010_RetrieveInputData". This Vuser already started a transaction with the same name, and has not yet processed the corresponding lr_end_transaction statement.	[MsgId: MERR-16993]
End auto log messages stack.	[MsgId: MMSG-10544]


Start auto log messages stack - Iteration 33.	[MsgId: MMSG-10545]
pvci=0
	[MsgId: MMSG-17999]
Action.c(20): Error: Failed to end Transaction "VTS1_0010_RetrieveInputData" (by name). Please check that you made a call to start transaction operation.	[MsgId: MERR-16985]
End auto log messages stack.	[MsgId: MMSG-10544]


Start auto log messages stack - Iteration 34.	[MsgId: MMSG-10545]
Starting action Action.	[MsgId: MMSG-15919]
Action.c(9): Error: Cannot start transaction "VTS2_0010_RetrieveInputData". This Vuser already started a transaction with the same name, and has not yet processed the corresponding lr_end_transaction statement.	[MsgId: MERR-16993]
End auto log messages stack.	[MsgId: MMSG-10544]


Start auto log messages stack - Iteration 34.	[MsgId: MMSG-10545]
pvci=0
	[MsgId: MMSG-17999]
Action.c(20): Error: Failed to end Transaction "VTS1_0010_RetrieveInputData" (by name). Please check that you made a call to start transaction operation.	[MsgId: MERR-16985]
End auto log messages stack.	[MsgId: MMSG-10544]


Start auto log messages stack - Iteration 35.	[MsgId: MMSG-10545]
Starting action Action.	[MsgId: MMSG-15919]
Action.c(9): Error: Cannot start transaction "VTS2_0010_RetrieveInputData". This Vuser already started a transaction with the same name, and has not yet processed the corresponding lr_end_transaction statement.	[MsgId: MERR-16993]
End auto log messages stack.	[MsgId: MMSG-10544]


Start auto log messages stack - Iteration 35.	[MsgId: MMSG-10545]
pvci=0
	[MsgId: MMSG-17999]
Action.c(20): Error: Failed to end Transaction "VTS1_0010_RetrieveInputData" (by name). Please check that you made a call to start transaction operation.	[MsgId: MERR-16985]
End auto log messages stack.	[MsgId: MMSG-10544]


Start auto log messages stack - Iteration 36.	[MsgId: MMSG-10545]
Starting action Action.	[MsgId: MMSG-15919]
Action.c(9): Error: Cannot start transaction "VTS2_0010_RetrieveInputData". This Vuser already started a transaction with the same name, and has not yet processed the corresponding lr_end_transaction statement.	[MsgId: MERR-16993]
End auto log messages stack.	[MsgId: MMSG-10544]


Start auto log messages stack - Iteration 36.	[MsgId: MMSG-10545]
pvci=0
	[MsgId: MMSG-17999]
Action.c(20): Error: Failed to end Transaction "VTS1_0010_RetrieveInputData" (by name). Please check that you made a call to start transaction operation.	[MsgId: MERR-16985]
End auto log messages stack.	[MsgId: MMSG-10544]


Start auto log messages stack - Iteration 37.	[MsgId: MMSG-10545]
Starting action Action.	[MsgId: MMSG-15919]
Action.c(9): Error: Cannot start transaction "VTS2_0010_RetrieveInputData". This Vuser already started a transaction with the same name, and has not yet processed the corresponding lr_end_transaction statement.	[MsgId: MERR-16993]
End auto log messages stack.	[MsgId: MMSG-10544]


Start auto log messages stack - Iteration 37.	[MsgId: MMSG-10545]
pvci=0
	[MsgId: MMSG-17999]
Action.c(20): Error: Failed to end Transaction "VTS1_0010_RetrieveInputData" (by name). Please check that you made a call to start transaction operation.	[MsgId: MERR-16985]
End auto log messages stack.	[MsgId: MMSG-10544]


Start auto log messages stack - Iteration 38.	[MsgId: MMSG-10545]
Starting action Action.	[MsgId: MMSG-15919]
Action.c(9): Error: Cannot start transaction "VTS2_0010_RetrieveInputData". This Vuser already started a transaction with the same name, and has not yet processed the corresponding lr_end_transaction statement.	[MsgId: MERR-16993]
End auto log messages stack.	[MsgId: MMSG-10544]


Start auto log messages stack - Iteration 38.	[MsgId: MMSG-10545]
pvci=0
	[MsgId: MMSG-17999]
Action.c(20): Error: Failed to end Transaction "VTS1_0010_RetrieveInputData" (by name). Please check that you made a call to start transaction operation.	[MsgId: MERR-16985]
End auto log messages stack.	[MsgId: MMSG-10544]


Start auto log messages stack - Iteration 39.	[MsgId: MMSG-10545]
Starting action Action.	[MsgId: MMSG-15919]
Action.c(9): Error: Cannot start transaction "VTS2_0010_RetrieveInputData". This Vuser already started a transaction with the same name, and has not yet processed the corresponding lr_end_transaction statement.	[MsgId: MERR-16993]
End auto log messages stack.	[MsgId: MMSG-10544]


Start auto log messages stack - Iteration 39.	[MsgId: MMSG-10545]
pvci=0
	[MsgId: MMSG-17999]
Action.c(20): Error: Failed to end Transaction "VTS1_0010_RetrieveInputData" (by name). Please check that you made a call to start transaction operation.	[MsgId: MERR-16985]
End auto log messages stack.	[MsgId: MMSG-10544]


Start auto log messages stack - Iteration 40.	[MsgId: MMSG-10545]
Starting action Action.	[MsgId: MMSG-15919]
Action.c(9): Error: Cannot start transaction "VTS2_0010_RetrieveInputData". This Vuser already started a transaction with the same name, and has not yet processed the corresponding lr_end_transaction statement.	[MsgId: MERR-16993]
End auto log messages stack.	[MsgId: MMSG-10544]


Start auto log messages stack - Iteration 40.	[MsgId: MMSG-10545]
pvci=0
	[MsgId: MMSG-17999]
Action.c(20): Error: Failed to end Transaction "VTS1_0010_RetrieveInputData" (by name). Please check that you made a call to start transaction operation.	[MsgId: MERR-16985]
End auto log messages stack.	[MsgId: MMSG-10544]


Start auto log messages stack - Iteration 41.	[MsgId: MMSG-10545]
Starting action Action.	[MsgId: MMSG-15919]
Action.c(9): Error: Cannot start transaction "VTS2_0010_RetrieveInputData". This Vuser already started a transaction with the same name, and has not yet processed the corresponding lr_end_transaction statement.	[MsgId: MERR-16993]
End auto log messages stack.	[MsgId: MMSG-10544]


Start auto log messages stack - Iteration 41.	[MsgId: MMSG-10545]
pvci=0
	[MsgId: MMSG-17999]
Action.c(20): Error: Failed to end Transaction "VTS1_0010_RetrieveInputData" (by name). Please check that you made a call to start transaction operation.	[MsgId: MERR-16985]
End auto log messages stack.	[MsgId: MMSG-10544]


Start auto log messages stack - Iteration 42.	[MsgId: MMSG-10545]
Starting action Action.	[MsgId: MMSG-15919]
Action.c(9): Error: Cannot start transaction "VTS2_0010_RetrieveInputData". This Vuser already started a transaction with the same name, and has not yet processed the corresponding lr_end_transaction statement.	[MsgId: MERR-16993]
End auto log messages stack.	[MsgId: MMSG-10544]


Start auto log messages stack - Iteration 42.	[MsgId: MMSG-10545]
pvci=0
	[MsgId: MMSG-17999]
Action.c(20): Error: Failed to end Transaction "VTS1_0010_RetrieveInputData" (by name). Please check that you made a call to start transaction operation.	[MsgId: MERR-16985]
End auto log messages stack.	[MsgId: MMSG-10544]


